{"message":"Server listening at port 5000","level":"info"}
{"message":"Connected To InterView at localhost:5432","level":"info"}
{"message":"Server listening at port 5000","level":"info"}
{"message":"Connected To InterView at localhost:5432","level":"info"}
{"message":"Server listening at port 5000","level":"info"}
{"message":"Connected To InterView at localhost:5432","level":"info"}
{"message":"Server listening at port 5000","level":"info"}
{"message":"Connected To InterView at localhost:5432","level":"info"}
{"message":"Server listening at port 5000","level":"info"}
{"message":"Connected To InterView at localhost:5432","level":"info"}
{"message":"Server listening at port 5000","level":"info"}
{"message":"Connected To InterView at localhost:5432","level":"info"}
{"message":"Request Error /Test - next is not a function","level":"error"}
{"message":"GET 500 /Test - 19 ms","level":"info"}
{"message":"Request Error /favicon.ico - next is not a function","level":"error"}
{"message":"GET 500 /favicon.ico - 4 ms","level":"info"}
{"message":"Server listening at port 5000","level":"info"}
{"message":"Connected To InterView at localhost:5432","level":"info"}
{"message":"Server listening at port 5000","level":"info"}
{"name":"error","length":100,"severity":"FATAL","code":"28P01","file":"auth.c","line":"328","routine":"auth_failed","level":"error"}
{"message":"Request Error /Test - next is not a function","level":"error"}
{"message":"GET 500 /Test - 1 ms","level":"info"}
{"message":"Request Error / - next is not a function","level":"error"}
{"message":"GET 500 / - 3 ms","level":"info"}
{"message":"Server listening at port 5000","level":"info"}
{"message":"Connected To InterView at localhost:5432","level":"info"}
{"message":"Request Error /Test - next is not a function","level":"error"}
{"message":"GET 500 /Test - 3 ms","level":"info"}
{"message":"Request Error /favicon.ico - next is not a function","level":"error"}
{"message":"GET 500 /favicon.ico - 2 ms","level":"info"}
{"message":"Server listening at port 5000","level":"info"}
{"name":"error","length":100,"severity":"FATAL","code":"28P01","file":"auth.c","line":"328","routine":"auth_failed","level":"error"}
{"message":"Server listening at port 5000","level":"info"}
{"message":"Connected To InterView at localhost:5432","level":"info"}
{"message":"Server listening at port 5000","level":"info"}
{"message":"Connected To InterView at localhost:5432","level":"info"}
{"message":"Server listening at port 5000","level":"info"}
{"message":"Connected To InterView at localhost:5432","level":"info"}
{"message":"Request Error /favicon.ico - next is not a function","level":"error"}
{"message":"GET 500 /favicon.ico - 1 ms","level":"info"}
{"message":"Server listening at port 5000","level":"info"}
{"message":"Connected To InterView at localhost:5432","level":"info"}
{"message":"Server listening at port 5000","level":"info"}
{"message":"Connected To InterView at localhost:5432","level":"info"}
{"message":"Request Error /crbooking - next is not a function","level":"error"}
{"message":"POST 500 /crbooking - 1 ms","level":"info"}
{"message":"Server listening at port 5000","level":"info"}
{"message":"Connected To InterView at localhost:5432","level":"info"}
{"message":"Server listening at port 5000","level":"info"}
{"message":"Connected To InterView at localhost:5432","level":"info"}
{"message":"Server listening at port 5000","level":"info"}
{"message":"Connected To InterView at localhost:5432","level":"info"}
{"message":"Server listening at port 5000","level":"info"}
{"message":"Connected To InterView at localhost:5432","level":"info"}
{"message":"Server listening at port 5000","level":"info"}
{"message":"Connected To InterView at localhost:5432","level":"info"}
{"message":"Server listening at port 5000","level":"info"}
{"message":"Connected To InterView at localhost:5432","level":"info"}
{"message":"Server listening at port 5000","level":"info"}
{"message":"Connected To InterView at localhost:5432","level":"info"}
{"message":"Server listening at port 5000","level":"info"}
{"message":"Connected To InterView at localhost:5432","level":"info"}
{"message":"Server listening at port 5000","level":"info"}
{"message":"Connected To InterView at localhost:5432","level":"info"}
{"message":"Server listening at port 5000","level":"info"}
{"message":"Connected To InterView at localhost:5432","level":"info"}
{"message":"Server listening at port 5000","level":"info"}
{"message":"Connected To InterView at localhost:5432","level":"info"}
{"message":"Server listening at port 5000","level":"info"}
{"message":"Connected To InterView at localhost:5432","level":"info"}
{"message":"Server listening at port 5000","level":"info"}
{"message":"Connected To InterView at localhost:5432","level":"info"}
{"message":"Server listening at port 5000","level":"info"}
{"message":"Connected To InterView at localhost:5432","level":"info"}
{"message":"Server listening at port 5000","level":"info"}
{"message":"Connected To InterView at localhost:5432","level":"info"}
{"message":"Server listening at port 5000","level":"info"}
{"message":"Connected To InterView at localhost:5432","level":"info"}
{"message":"Server listening at port 5000","level":"info"}
{"message":"Connected To InterView at localhost:5432","level":"info"}
{"message":"Server listening at port 5000","level":"info"}
{"message":"Connected To InterView at localhost:5432","level":"info"}
{"message":"Server listening at port 5000","level":"info"}
{"message":"Connected To InterView at localhost:5432","level":"info"}
{"message":"Server listening at port 5000","level":"info"}
{"message":"Connected To InterView at localhost:5432","level":"info"}
{"message":"Server listening at port 5000","level":"info"}
{"message":"Connected To InterView at localhost:5432","level":"info"}
{"message":"Server listening at port 5000","level":"info"}
{"message":"Connected To InterView at localhost:5432","level":"info"}
{"message":"Server listening at port 5000","level":"info"}
{"message":"Connected To InterView at localhost:5432","level":"info"}
{"message":"Server listening at port 5000","level":"info"}
{"message":"Connected To InterView at localhost:5432","level":"info"}
{"message":"Server listening at port 5000","level":"info"}
{"message":"Connected To InterView at localhost:5432","level":"info"}
{"message":"Server listening at port 5000","level":"info"}
{"message":"Connected To InterView at localhost:5432","level":"info"}
{"message":"Server listening at port 5000","level":"info"}
{"message":"Connected To InterView at localhost:5432","level":"info"}
{"message":"Server listening at port 5000","level":"info"}
{"message":"Connected To InterView at localhost:5432","level":"info"}
{"message":"Server listening at port 5000","level":"info"}
{"message":"Connected To InterView at localhost:5432","level":"info"}
{"message":"Server listening at port 5000","level":"info"}
{"message":"Connected To InterView at localhost:5432","level":"info"}
{"message":"Server listening at port 5000","level":"info"}
{"message":"Connected To InterView at localhost:5432","level":"info"}
{"message":"Server listening at port 5000","level":"info"}
{"message":"Connected To InterView at localhost:5432","level":"info"}
{"message":"Server listening at port 5000","level":"info"}
{"message":"Connected To InterView at localhost:5432","level":"info"}
{"message":"Server listening at port 5000","level":"info"}
{"message":"Connected To InterView at localhost:5432","level":"info"}
{"message":"Server listening at port 5000","level":"info"}
{"message":"Connected To InterView at localhost:5432","level":"info"}
{"message":"Server listening at port 5000","level":"info"}
{"message":"Connected To InterView at localhost:5432","level":"info"}
{"message":"Server listening at port 5000","level":"info"}
{"message":"Connected To InterView at localhost:5432","level":"info"}
{"message":"Server listening at port 5000","level":"info"}
{"message":"Connected To InterView at localhost:5432","level":"info"}
{"message":"Server listening at port 5000","level":"info"}
{"message":"Connected To InterView at localhost:5432","level":"info"}
{"message":"Server listening at port 5000","level":"info"}
{"message":"Connected To InterView at localhost:5432","level":"info"}
{"message":"Server listening at port 5000","level":"info"}
{"message":"Connected To InterView at localhost:5432","level":"info"}
{"message":"Server listening at port 5000","level":"info"}
{"message":"Connected To InterView at localhost:5432","level":"info"}
{"message":"Server listening at port 5000","level":"info"}
{"message":"Connected To InterView at localhost:5432","level":"info"}
{"message":"Server listening at port 5000","level":"info"}
{"message":"Connected To InterView at localhost:5432","level":"info"}
{"message":"Server listening at port 5000","level":"info"}
{"message":"Connected To InterView at localhost:5432","level":"info"}
{"message":"Server listening at port 5000","level":"info"}
{"message":"Connected To InterView at localhost:5432","level":"info"}
{"message":"Server listening at port 5000","level":"info"}
{"message":"Connected To InterView at localhost:5432","level":"info"}
{"message":"Server listening at port 5000","level":"info"}
{"message":"Connected To InterView at localhost:5432","level":"info"}
{"message":"Server listening at port 5000","level":"info"}
{"message":"Connected To InterView at localhost:5432","level":"info"}
{"message":"Server listening at port 5000","level":"info"}
{"message":"Connected To InterView at localhost:5432","level":"info"}
